<?xml version="1.0" encoding="UTF-8"?>
<testsuite xmlns:xsi="http://www.w3.org/2001/XMLSchema-instance" xsi:noNamespaceSchemaLocation="https://maven.apache.org/surefire/maven-surefire-plugin/xsd/surefire-test-report.xsd" version="3.0.2" name="cl.duoc.guias_despacho.GuiasDespachoApplicationTests" time="5.288" tests="1" errors="0" skipped="0" failures="0" flakes="0">
  <properties>
[...]
</properties>
  <testcase name="contextLoads" classname="cl.duoc.guias_despacho.GuiasDespachoApplicationTests" time="0.943">
    <system-out><![CDATA[17:57:53.186 [main] INFO org.springframework.test.context.support.AnnotationConfigContextLoaderUtils -- Could not detect default configuration classes for test class [cl.duoc.guias_despacho.GuiasDespachoApplicationTests]: GuiasDespachoApplicationTests does not declare any static, non-private, non-final, nested classes annotated with @Configuration.
17:57:53.351 [main] INFO org.springframework.boot.test.context.SpringBootTestContextBootstrapper -- Found @SpringBootConfiguration cl.duoc.guias_despacho.GuiasDespachoApplication for test class cl.duoc.guias_despacho.GuiasDespachoApplicationTests
17:57:53.521 [main] INFO org.springframework.test.context.support.AnnotationConfigContextLoaderUtils -- Could not detect default configuration classes for test class [cl.duoc.guias_despacho.GuiasDespachoApplicationTests]: GuiasDespachoApplicationTests does not declare any static, non-private, non-final, nested classes annotated with @Configuration.
17:57:53.523 [main] INFO org.springframework.boot.test.context.SpringBootTestContextBootstrapper -- Found @SpringBootConfiguration cl.duoc.guias_despacho.GuiasDespachoApplication for test class cl.duoc.guias_despacho.GuiasDespachoApplicationTests
17:57:53.653 [main] INFO org.springframework.boot.devtools.restart.RestartApplicationListener -- Restart disabled due to context in which it is running

  .   ____          _            __ _ _
 /\\ / ___'_ __ _ _(_)_ __  __ _ \ \ \ \
( ( )\___ | '_ | '_| | '_ \/ _` | \ \ \ \
 \\/  ___)| |_)| | | | | || (_| |  ) ) ) )
  '  |____| .__|_| |_|_| |_\__, | / / / /
 =========|_|==============|___/=/_/_/_/

 :: Spring Boot ::                (v4.0.6)

2026-06-08T17:57:54.086-04:00  INFO 6008 --- [           main] c.d.g.GuiasDespachoApplicationTests      : Starting GuiasDespachoApplicationTests using Java 21.0.6 with PID 6008 (started by jose2 in C:\Users\jose2\Downloads\guias-despacho)
2026-06-08T17:57:54.088-04:00  INFO 6008 --- [           main] c.d.g.GuiasDespachoApplicationTests      : No active profile set, falling back to 1 default profile: "default"
2026-06-08T17:57:57.157-04:00  INFO 6008 --- [           main] c.d.g.GuiasDespachoApplicationTests      : Started GuiasDespachoApplicationTests in 3.528 seconds (process running for 5.465)
]]></system-out>
    <system-err><![CDATA[Mockito is currently self-attaching to enable the inline-mock-maker. This will no longer work in future releases of the JDK. Please add Mockito as an agent to your build as described in Mockito's documentation: https://javadoc.io/doc/org.mockito/mockito-core/latest/org.mockito/org/mockito/Mockito.html#0.3
WARNING: A Java agent has been loaded dynamically (C:\Users\jose2\.m2\repository\net\bytebuddy\byte-buddy-agent\1.17.8\byte-buddy-agent-1.17.8.jar)
WARNING: If a serviceability tool is in use, please run with -XX:+EnableDynamicAgentLoading to hide this warning
WARNING: If a serviceability tool is not in use, please run with -Djdk.instrument.traceUsage for more information
WARNING: Dynamic loading of agents will be disallowed by default in a future release
]]></system-err>
  </testcase>
</testsuite>